{"level":"info","time":"2024-11-19T21:01:18+03:00","caller":"C:/Users/mshsv/go/pkg/mod/github.com/gin-gonic/gin@v1.10.0/context.go:185","message":"login email stepaha78@gmail.com"}
{"level":"info","time":"2024-11-19T21:01:23+03:00","caller":"C:/Users/mshsv/go/pkg/mod/github.com/gin-gonic/gin@v1.10.0/recovery.go:102","message":"error"}
{"level":"info","time":"2024-11-19T21:04:45+03:00","caller":"C:/Users/mshsv/go/pkg/mod/github.com/gin-gonic/gin@v1.10.0/context.go:185","message":"login email stepaha78@gmail.com"}
{"level":"info","time":"2024-11-19T21:04:55+03:00","caller":"C:/Users/mshsv/go/pkg/mod/github.com/gin-gonic/gin@v1.10.0/context.go:185","message":"get user by email %!d(string=stepaha78@gmail.com)"}
{"level":"info","time":"2024-11-19T21:06:23+03:00","caller":"C:/Users/mshsv/go/pkg/mod/github.com/gin-gonic/gin@v1.10.0/context.go:185","message":"login email stepaha78@gmail.com"}
{"level":"info","time":"2024-11-19T21:06:26+03:00","caller":"C:/Users/mshsv/go/pkg/mod/github.com/gin-gonic/gin@v1.10.0/recovery.go:102","message":"error"}
{"level":"info","time":"2024-11-19T21:09:41+03:00","caller":"C:/Users/mshsv/go/pkg/mod/github.com/gin-gonic/gin@v1.10.0/context.go:185","message":"login email stepaha78@gmail.com"}
{"level":"info","time":"2024-11-19T21:09:42+03:00","caller":"C:/Users/mshsv/go/pkg/mod/github.com/gin-gonic/gin@v1.10.0/recovery.go:102","message":"error"}
{"level":"info","time":"2024-11-19T21:10:43+03:00","caller":"C:/Users/mshsv/go/pkg/mod/github.com/gin-gonic/gin@v1.10.0/context.go:185","message":"login email stepaha78@gmail.com"}
{"level":"info","time":"2024-11-19T21:10:47+03:00","caller":"C:/Users/mshsv/go/pkg/mod/github.com/gin-gonic/gin@v1.10.0/recovery.go:102","message":"error"}
{"level":"info","time":"2024-11-19T21:11:46+03:00","caller":"C:/Users/mshsv/go/pkg/mod/github.com/gin-gonic/gin@v1.10.0/context.go:185","message":"login email stepaha78@gmail.com"}
{"level":"info","time":"2024-11-19T21:11:47+03:00","caller":"C:/Users/mshsv/go/pkg/mod/github.com/gin-gonic/gin@v1.10.0/recovery.go:102","message":"error"}
{"level":"info","time":"2024-11-19T21:12:47+03:00","caller":"C:/Users/mshsv/go/pkg/mod/github.com/gin-gonic/gin@v1.10.0/context.go:185","message":"login email stepaha78@gmail.com"}
{"level":"info","time":"2024-11-19T21:12:55+03:00","caller":"C:/Users/mshsv/go/pkg/mod/github.com/gin-gonic/gin@v1.10.0/recovery.go:102","message":"error"}
{"level":"info","time":"2024-11-19T21:14:04+03:00","caller":"C:/Users/mshsv/go/pkg/mod/github.com/gin-gonic/gin@v1.10.0/context.go:185","message":"login email stepaha78@gmail.com"}
{"level":"info","time":"2024-11-19T21:14:05+03:00","caller":"C:/Users/mshsv/go/pkg/mod/github.com/gin-gonic/gin@v1.10.0/recovery.go:102","message":"error"}
{"level":"info","time":"2024-11-19T21:16:13+03:00","caller":"C:/Users/mshsv/go/pkg/mod/github.com/gin-gonic/gin@v1.10.0/context.go:185","message":"login email stepaha78@gmail.com"}
{"level":"info","time":"2024-11-19T21:16:14+03:00","caller":"C:/Users/mshsv/go/pkg/mod/github.com/gin-gonic/gin@v1.10.0/recovery.go:102","message":"error"}
{"level":"info","time":"2024-11-19T21:17:52+03:00","caller":"C:/Users/mshsv/go/pkg/mod/github.com/gin-gonic/gin@v1.10.0/context.go:185","message":"login email stepaha78@gmail.com"}
{"level":"info","time":"2024-11-19T21:17:54+03:00","caller":"C:/Users/mshsv/go/pkg/mod/github.com/gin-gonic/gin@v1.10.0/recovery.go:102","message":"error"}
{"level":"info","time":"2024-11-19T21:19:22+03:00","caller":"C:/Users/mshsv/go/pkg/mod/github.com/gin-gonic/gin@v1.10.0/context.go:185","message":"login email stepaha78@gmail.com"}
{"level":"info","time":"2024-11-19T21:19:24+03:00","caller":"C:/Users/mshsv/go/pkg/mod/github.com/gin-gonic/gin@v1.10.0/recovery.go:102","message":"error"}
{"level":"info","time":"2024-11-19T21:22:06+03:00","caller":"C:/Users/mshsv/go/pkg/mod/github.com/gin-gonic/gin@v1.10.0/context.go:185","message":"login email stepaha78@gmail.com"}
{"level":"info","time":"2024-11-19T21:22:08+03:00","caller":"C:/Users/mshsv/go/pkg/mod/github.com/gin-gonic/gin@v1.10.0/recovery.go:102","message":"error"}
{"level":"info","time":"2024-11-19T21:39:17+03:00","caller":"C:/Users/mshsv/go/pkg/mod/github.com/gin-gonic/gin@v1.10.0/context.go:185","message":"login email stepaha78@gmail.com"}
{"level":"info","time":"2024-11-19T21:40:28+03:00","caller":"C:/Users/mshsv/go/pkg/mod/github.com/gin-gonic/gin@v1.10.0/context.go:185","message":"login email stepaha78@gmail.com"}
{"level":"info","time":"2024-11-19T21:47:04+03:00","caller":"C:/Users/mshsv/go/pkg/mod/github.com/gin-gonic/gin@v1.10.0/context.go:185","message":"login email stepaha78@gmail.com"}
{"level":"info","time":"2024-11-19T21:49:06+03:00","caller":"C:/Users/mshsv/go/pkg/mod/github.com/gin-gonic/gin@v1.10.0/context.go:185","message":"login email stepaha78@gmail.com"}
{"level":"error","time":"2024-11-19T21:49:06+03:00","caller":"C:/Users/mshsv/go/pkg/mod/github.com/gin-gonic/gin@v1.10.0/context.go:185","message":"wrong password, error crypto/bcrypt: hashedPassword is not the hash of the given password"}
{"level":"info","time":"2024-11-19T21:49:06+03:00","caller":"C:/Users/mshsv/go/pkg/mod/github.com/gin-gonic/gin@v1.10.0/recovery.go:102","message":"wrong password, error crypto/bcrypt: hashedPassword is not the hash of the given password"}
{"level":"info","time":"2024-11-19T21:52:56+03:00","caller":"C:/Users/mshsv/go/pkg/mod/github.com/gin-gonic/gin@v1.10.0/context.go:185","message":"login email stepaha78@gmail.com"}
{"level":"info","time":"2024-11-19T21:55:20+03:00","caller":"C:/Users/mshsv/go/pkg/mod/github.com/gin-gonic/gin@v1.10.0/context.go:185","message":"login email stepaha78@gmail.com"}
{"level":"info","time":"2024-11-19T21:59:13+03:00","caller":"C:/Users/mshsv/go/pkg/mod/github.com/gin-gonic/gin@v1.10.0/context.go:185","message":"login email stepaha78@gmail.com"}
{"level":"info","time":"2024-11-19T22:02:17+03:00","caller":"C:/Users/mshsv/go/pkg/mod/github.com/gin-gonic/gin@v1.10.0/context.go:185","message":"login email stepaha78@gmail.com"}
{"level":"info","time":"2024-11-19T22:03:32+03:00","caller":"C:/Users/mshsv/go/pkg/mod/github.com/gin-gonic/gin@v1.10.0/context.go:185","message":"login email stepaha78@gmail.com"}
{"level":"error","time":"2024-11-19T22:03:32+03:00","caller":"C:/Users/mshsv/go/pkg/mod/github.com/gin-gonic/gin@v1.10.0/context.go:185","message":"wrong password, error crypto/bcrypt: hashedPassword is not the hash of the given password"}
{"level":"info","time":"2024-11-19T22:03:32+03:00","caller":"C:/Users/mshsv/go/pkg/mod/github.com/gin-gonic/gin@v1.10.0/recovery.go:102","message":"wrong password, error crypto/bcrypt: hashedPassword is not the hash of the given password"}
{"level":"info","time":"2024-11-19T22:04:18+03:00","caller":"C:/Users/mshsv/go/pkg/mod/github.com/gin-gonic/gin@v1.10.0/context.go:185","message":"login email stepaha78@gmail.com"}
{"level":"info","time":"2024-11-19T22:05:05+03:00","caller":"C:/Users/mshsv/go/pkg/mod/github.com/gin-gonic/gin@v1.10.0/context.go:185","message":"login email stepaha78@gmail.com"}
{"level":"info","time":"2024-11-19T22:06:22+03:00","caller":"C:/Users/mshsv/go/pkg/mod/github.com/gin-gonic/gin@v1.10.0/context.go:185","message":"login email stepaha78@gmail.com"}
{"level":"info","time":"2024-11-19T22:07:11+03:00","caller":"C:/Users/mshsv/go/pkg/mod/github.com/gin-gonic/gin@v1.10.0/context.go:185","message":"login email stepaha78@gmail.com"}
{"level":"info","time":"2024-11-19T22:10:02+03:00","caller":"C:/Users/mshsv/go/pkg/mod/github.com/gin-gonic/gin@v1.10.0/context.go:185","message":"login email stepaha78@gmail.com"}
{"level":"info","time":"2024-11-19T22:10:29+03:00","caller":"C:/Users/mshsv/go/pkg/mod/github.com/gin-gonic/gin@v1.10.0/context.go:185","message":"login email stepaha78@gmail.com"}
{"level":"info","time":"2024-11-19T22:18:56+03:00","caller":"C:/Users/mshsv/go/pkg/mod/github.com/gin-gonic/gin@v1.10.0/context.go:185","message":"login email stepaha78@gmail.com"}
{"level":"info","time":"2024-11-19T22:19:59+03:00","caller":"C:/Users/mshsv/go/pkg/mod/github.com/gin-gonic/gin@v1.10.0/context.go:185","message":"login email stepaha78@gmail.com"}
{"level":"info","time":"2024-11-19T22:22:09+03:00","caller":"C:/Users/mshsv/go/pkg/mod/github.com/gin-gonic/gin@v1.10.0/context.go:185","message":"login email stepaha78@gmail.com"}
{"level":"info","time":"2024-11-19T22:26:02+03:00","caller":"C:/Users/mshsv/go/pkg/mod/github.com/gin-gonic/gin@v1.10.0/context.go:185","message":"login email stepahaaaaaa78@gmail.com"}
{"level":"error","time":"2024-11-19T22:26:02+03:00","caller":"C:/Users/mshsv/go/pkg/mod/github.com/gin-gonic/gin@v1.10.0/context.go:185","message":"get user by email fail, error no rows in result set"}
{"level":"info","time":"2024-11-19T22:26:02+03:00","caller":"C:/Users/mshsv/go/pkg/mod/github.com/gin-gonic/gin@v1.10.0/recovery.go:102","message":"get user by email fail, error no rows in result set"}
{"level":"info","time":"2024-11-19T22:30:12+03:00","caller":"C:/Users/mshsv/go/pkg/mod/github.com/gin-gonic/gin@v1.10.0/context.go:185","message":"login email stepaha78@gmail.com"}
{"level":"info","time":"2024-11-19T22:31:11+03:00","caller":"C:/Users/mshsv/go/pkg/mod/github.com/gin-gonic/gin@v1.10.0/context.go:185","message":"login email stepaha78@gmail.com"}
{"level":"info","time":"2024-11-19T22:33:13+03:00","caller":"C:/Users/mshsv/go/pkg/mod/github.com/gin-gonic/gin@v1.10.0/context.go:185","message":"login email stepaha78@gmail.com"}
{"level":"info","time":"2024-11-19T22:35:09+03:00","caller":"C:/Users/mshsv/go/pkg/mod/github.com/gin-gonic/gin@v1.10.0/context.go:185","message":"login email stepaha78@gmail.com"}
{"level":"info","time":"2024-11-19T22:36:11+03:00","caller":"C:/Users/mshsv/go/pkg/mod/github.com/gin-gonic/gin@v1.10.0/context.go:185","message":"login email stepaha78@gmail.com"}
{"level":"info","time":"2024-11-19T22:36:35+03:00","caller":"C:/Users/mshsv/go/pkg/mod/github.com/gin-gonic/gin@v1.10.0/context.go:185","message":"login email stepaha78@gmail.com"}
{"level":"info","time":"2024-11-19T22:37:47+03:00","caller":"C:/Users/mshsv/go/pkg/mod/github.com/gin-gonic/gin@v1.10.0/context.go:185","message":"login email stepahaaaaa78@gmail.com"}
{"level":"error","time":"2024-11-19T22:37:47+03:00","caller":"C:/Users/mshsv/go/pkg/mod/github.com/gin-gonic/gin@v1.10.0/context.go:185","message":"get user by email fail, error no rows in result set"}
{"level":"info","time":"2024-11-19T22:37:47+03:00","caller":"C:/Users/mshsv/go/pkg/mod/github.com/gin-gonic/gin@v1.10.0/recovery.go:102","message":"get user by email fail, error no rows in result set"}
{"level":"info","time":"2024-11-19T22:44:48+03:00","caller":"C:/Users/mshsv/go/pkg/mod/github.com/gin-gonic/gin@v1.10.0/context.go:185","message":"login email stepaha78@gmail.com"}
{"level":"info","time":"2024-11-19T22:44:51+03:00","caller":"C:/Users/mshsv/go/pkg/mod/github.com/gin-gonic/gin@v1.10.0/context.go:185","message":"get user by email %!d(string=stepaha78@gmail.com)"}
{"level":"info","time":"2024-11-19T22:47:16+03:00","caller":"C:/Users/mshsv/go/pkg/mod/github.com/gin-gonic/gin@v1.10.0/context.go:185","message":"login email stepaha78@gmail.com"}
{"level":"info","time":"2024-11-19T22:47:57+03:00","caller":"C:/Users/mshsv/go/pkg/mod/github.com/gin-gonic/gin@v1.10.0/context.go:185","message":"login email stepaha78@gmail.com"}
{"level":"info","time":"2024-11-19T22:47:59+03:00","caller":"C:/Users/mshsv/go/pkg/mod/github.com/gin-gonic/gin@v1.10.0/context.go:185","message":"get user by email %!d(string=stepaha78@gmail.com)"}
